<?xml version="1.0" encoding="UTF-8"?>
<testng-results skipped="0" failed="0" total="1" passed="1">
  <reporter-output>
  </reporter-output>
  <suite name="Suite" duration-ms="19732" started-at="2019-07-19T07:24:06Z" finished-at="2019-07-19T07:24:26Z">
    <groups>
    </groups>
    <test name="Test" duration-ms="19732" started-at="2019-07-19T07:24:06Z" finished-at="2019-07-19T07:24:26Z">
      <class name="com.investaSolutions.tests.VerifyInstrumentManagementsTest">
        <test-method status="PASS" signature="beforeSuite(java.lang.String)[pri:0, instance:com.investaSolutions.tests.VerifyInstrumentManagementsTest@76b10754]" name="beforeSuite" is-config="true" duration-ms="4455" started-at="2019-07-19T12:54:02Z" finished-at="2019-07-19T12:54:06Z">
          <params>
            <param index="0">
              <value>
                <![CDATA[chrome]]>
              </value>
            </param>
          </params>
          <reporter-output>
          </reporter-output>
        </test-method> <!-- beforeSuite -->
        <test-method status="PASS" signature="testInstrumentManagementTest(java.lang.reflect.Method)[pri:2, instance:com.investaSolutions.tests.VerifyInstrumentManagementsTest@76b10754]" name="testInstrumentManagementTest" duration-ms="19565" started-at="2019-07-19T12:54:06Z" description="Verifying instrument management tab title in the page" finished-at="2019-07-19T12:54:26Z">
          <params>
            <param index="0">
              <value>
                <![CDATA[public void com.investaSolutions.tests.VerifyInstrumentManagementsTest.testInstrumentManagementTest(java.lang.reflect.Method) throws java.lang.Throwable]]>
              </value>
            </param>
          </params>
          <reporter-output>
          </reporter-output>
        </test-method> <!-- testInstrumentManagementTest -->
        <test-method status="PASS" signature="afterMethod(org.testng.ITestResult)[pri:0, instance:com.investaSolutions.tests.VerifyInstrumentManagementsTest@76b10754]" name="afterMethod" is-config="true" duration-ms="91" started-at="2019-07-19T12:54:26Z" finished-at="2019-07-19T12:54:26Z">
          <params>
            <param index="0">
              <value>
                <![CDATA[[TestResult name=testInstrumentManagementTest status=SUCCESS method=VerifyInstrumentManagementsTest.testInstrumentManagementTest(java.lang.reflect.Method)[pri:2, instance:com.investaSolutions.tests.VerifyInstrumentManagementsTest@76b10754] output={null}]]]>
              </value>
            </param>
          </params>
          <reporter-output>
          </reporter-output>
        </test-method> <!-- afterMethod -->
        <test-method status="PASS" signature="generateReport()[pri:0, instance:com.investaSolutions.tests.VerifyInstrumentManagementsTest@76b10754]" name="generateReport" is-config="true" duration-ms="5939" started-at="2019-07-19T12:54:26Z" finished-at="2019-07-19T12:54:32Z">
          <reporter-output>
          </reporter-output>
        </test-method> <!-- generateReport -->
      </class> <!-- com.investaSolutions.tests.VerifyInstrumentManagementsTest -->
    </test> <!-- Test -->
  </suite> <!-- Suite -->
</testng-results>
